[{"line":1,"elements":[{"start_timestamp":"2025-03-15T06:45:16.907Z","line":3,"name":"User successfully signs up on Bookswagon","description":"","id":"user-sign-up-on-bookswagon;user-successfully-signs-up-on-bookswagon","type":"scenario","keyword":"Scenario","steps":[{"result":{"duration":12821607100,"status":"passed"},"line":4,"name":"User is on the Bookswagon Sign-Up page","match":{"location":"stepdefinitions.SignUp.user_is_on_the_bookswagon_sign_up_page()"},"keyword":"Given "},{"result":{"duration":347057900,"status":"passed"},"line":5,"name":"User enters the name \"Teja\"","match":{"arguments":[{"val":"\"Teja\"","offset":21}],"location":"stepdefinitions.SignUp.user_enters_the_name(java.lang.String)"},"keyword":"When "},{"result":{"duration":499176600,"status":"passed"},"line":6,"name":"User enters the mobile number \"9391222487\"","match":{"arguments":[{"val":"\"9391222487\"","offset":30}],"location":"stepdefinitions.SignUp.user_enters_the_mobile_number(java.lang.String)"},"keyword":"And "},{"result":{"duration":20225282700,"status":"passed"},"line":7,"name":"User selects country code \"India +91\"","match":{"arguments":[{"val":"\"India +91\"","offset":26}],"location":"stepdefinitions.SignUp.user_selects_country_code(java.lang.String)"},"keyword":"And "},{"result":{"duration":20011601000,"status":"passed"},"line":8,"name":"User clicks on I am not a robot","match":{"location":"stepdefinitions.SignUp.user_clicks_on_I_am_not_a_robot()"},"keyword":"And "},{"result":{"error_message":"org.openqa.selenium.NoSuchElementException: no such element: Unable to locate element: {\"method\":\"css selector\",\"selector\":\".error-message\"}\n  (Session info: chrome=134.0.6998.89)\nFor documentation on this error, please visit: https://www.selenium.dev/documentation/webdriver/troubleshooting/errors#no-such-element-exception\nBuild info: version: '4.29.0', revision: '5fc1ec94cb'\nSystem info: os.name: 'Windows 10', os.arch: 'amd64', os.version: '10.0', java.version: '23'\nDriver info: org.openqa.selenium.chrome.ChromeDriver\nCommand: [a7ddda2efacb342359c8e728dab32fcc, findElement {using=css selector, value=.error-message}]\nCapabilities {acceptInsecureCerts: false, browserName: chrome, browserVersion: 134.0.6998.89, chrome: {chromedriverVersion: 134.0.6998.88 (7e3d5c978c6d..., userDataDir: C:\\Users\\DELL\\AppData\\Local...}, fedcm:accounts: true, goog:chromeOptions: {debuggerAddress: localhost:52748}, networkConnectionEnabled: false, pageLoadStrategy: normal, platformName: windows, proxy: Proxy(), se:cdp: ws://localhost:52748/devtoo..., se:cdpVersion: 134.0.6998.89, setWindowRect: true, strictFileInteractability: false, timeouts: {implicit: 0, pageLoad: 300000, script: 30000}, unhandledPromptBehavior: dismiss and notify, webauthn:extension:credBlob: true, webauthn:extension:largeBlob: true, webauthn:extension:minPinLength: true, webauthn:extension:prf: true, webauthn:virtualAuthenticators: true}\nSession ID: a7ddda2efacb342359c8e728dab32fcc\r\n\tat java.base/jdk.internal.reflect.DirectConstructorHandleAccessor.newInstance(DirectConstructorHandleAccessor.java:62)\r\n\tat java.base/java.lang.reflect.Constructor.newInstanceWithCaller(Constructor.java:501)\r\n\tat java.base/java.lang.reflect.Constructor.newInstance(Constructor.java:485)\r\n\tat org.openqa.selenium.remote.ErrorCodec.decode(ErrorCodec.java:167)\r\n\tat org.openqa.selenium.remote.codec.w3c.W3CHttpResponseCodec.decode(W3CHttpResponseCodec.java:138)\r\n\tat org.openqa.selenium.remote.codec.w3c.W3CHttpResponseCodec.decode(W3CHttpResponseCodec.java:50)\r\n\tat org.openqa.selenium.remote.HttpCommandExecutor.execute(HttpCommandExecutor.java:215)\r\n\tat org.openqa.selenium.remote.service.DriverCommandExecutor.invokeExecute(DriverCommandExecutor.java:216)\r\n\tat org.openqa.selenium.remote.service.DriverCommandExecutor.execute(DriverCommandExecutor.java:174)\r\n\tat org.openqa.selenium.remote.RemoteWebDriver.execute(RemoteWebDriver.java:545)\r\n\tat org.openqa.selenium.remote.ElementLocation$ElementFinder$2.findElement(ElementLocation.java:165)\r\n\tat org.openqa.selenium.remote.ElementLocation.findElement(ElementLocation.java:59)\r\n\tat org.openqa.selenium.remote.RemoteWebDriver.findElement(RemoteWebDriver.java:368)\r\n\tat org.openqa.selenium.remote.RemoteWebDriver.findElement(RemoteWebDriver.java:362)\r\n\tat pages.SignUpPage.clickContinue(SignUpPage.java:95)\r\n\tat stepdefinitions.SignUp.user_clicks_on_continue_button(SignUp.java:77)\r\n\tat ✽.User clicks on Continue button(file:///F:/TEJA/JSpiders_EclipseIDE/JavaSelenium/BooksWagon/src/test/java/featurefiles/SignUp.feature:9)\r\n","duration":28442560400,"status":"failed"},"line":9,"name":"User clicks on Continue button","match":{"location":"stepdefinitions.SignUp.user_clicks_on_continue_button()"},"keyword":"And "},{"result":{"duration":2984300,"status":"skipped"},"line":10,"name":"User should be redirected to OTP verification page","match":{"location":"stepdefinitions.SignUp.user_should_be_redirected_to_otp_verification_page()"},"keyword":"Then "}]},{"start_timestamp":"2025-03-15T06:46:39.666Z","line":12,"name":"User enters OTP and sets password","description":"","id":"user-sign-up-on-bookswagon;user-enters-otp-and-sets-password","type":"scenario","keyword":"Scenario","steps":[{"result":{"error_message":"java.lang.AssertionError: Failed to reach OTP verification page.\r\n\tat org.testng.Assert.fail(Assert.java:111)\r\n\tat stepdefinitions.SignUp.user_is_on_the_otp_verification_page(SignUp.java:109)\r\n\tat ✽.User is on the OTP verification page(file:///F:/TEJA/JSpiders_EclipseIDE/JavaSelenium/BooksWagon/src/test/java/featurefiles/SignUp.feature:13)\r\n","duration":10272534300,"status":"failed"},"line":13,"name":"User is on the OTP verification page","match":{"location":"stepdefinitions.SignUp.user_is_on_the_otp_verification_page()"},"keyword":"Given "},{"result":{"duration":996900,"status":"skipped"},"line":14,"name":"User enters password \"Teja@1234\"","match":{"arguments":[{"val":"\"Teja@1234\"","offset":21}],"location":"stepdefinitions.SignUp.user_enters_password(java.lang.String)"},"keyword":"When "},{"result":{"duration":1994400,"status":"skipped"},"line":15,"name":"User enters confirm password \"Teja@1234\"","match":{"arguments":[{"val":"\"Teja@1234\"","offset":29}],"location":"stepdefinitions.SignUp.user_enters_confirm_password(java.lang.String)"},"keyword":"And "},{"result":{"duration":1994800,"status":"skipped"},"line":16,"name":"User clicks on Sign up button","match":{"location":"stepdefinitions.SignUp.user_clicks_signup()"},"keyword":"And "},{"result":{"duration":1990800,"status":"skipped"},"line":17,"name":"User account should be successfully created","match":{"location":"stepdefinitions.SignUp.user_account_should_be_successfully_created()"},"keyword":"Then "}]}],"name":"User Sign-Up on Bookswagon","description":"","id":"user-sign-up-on-bookswagon","keyword":"Feature","uri":"file:src/test/java/featurefiles/SignUp.feature","tags":[]}]